<?xml version="1.0" encoding="UTF-8"?>
<testsuite xmlns:xsi="http://www.w3.org/2001/XMLSchema-instance" xsi:noNamespaceSchemaLocation="https://maven.apache.org/surefire/maven-failsafe-plugin/xsd/failsafe-test-report-3.0.xsd" version="3.0" name="io.quarkus.grpc.examples.hello.HelloWorldServiceIT" time="0.016" tests="2" errors="0" skipped="0" failures="0">
  <properties>
[...]
</properties>
  <testcase name="testHelloWorldServiceUsingBlockingStub" classname="io.quarkus.grpc.examples.hello.HelloWorldServiceIT" time="0.006"/>
  <testcase name="testHelloWorldServiceUsingMutinyStub" classname="io.quarkus.grpc.examples.hello.HelloWorldServiceIT" time="0.007"/>
</testsuite>